Determining if the pthread_create exist failed with the following output:
Change Dir: /home/kushagra/Desktop/5/CG/Assignments/1/practice/build/CMakeFiles/CMakeTmp

Run Build Command:"/usr/bin/make" "cmTC_7b362/fast"
/usr/bin/make -f CMakeFiles/cmTC_7b362.dir/build.make CMakeFiles/cmTC_7b362.dir/build
make[1]: Entering directory '/home/kushagra/Desktop/5/CG/Assignments/1/practice/build/CMakeFiles/CMakeTmp'
Building C object CMakeFiles/cmTC_7b362.dir/CheckSymbolExists.c.o
/usr/bin/cc    -o CMakeFiles/cmTC_7b362.dir/CheckSymbolExists.c.o   -c /home/kushagra/Desktop/5/CG/Assignments/1/practice/build/CMakeFiles/CMakeTmp/CheckSymbolExists.c
Linking C executable cmTC_7b362
/usr/bin/cmake -E cmake_link_script CMakeFiles/cmTC_7b362.dir/link.txt --verbose=1
/usr/bin/cc      -rdynamic CMakeFiles/cmTC_7b362.dir/CheckSymbolExists.c.o  -o cmTC_7b362 
CMakeFiles/cmTC_7b362.dir/CheckSymbolExists.c.o: In function `main':
CheckSymbolExists.c:(.text+0x16): undefined reference to `pthread_create'
collect2: error: ld returned 1 exit status
CMakeFiles/cmTC_7b362.dir/build.make:97: recipe for target 'cmTC_7b362' failed
make[1]: *** [cmTC_7b362] Error 1
make[1]: Leaving directory '/home/kushagra/Desktop/5/CG/Assignments/1/practice/build/CMakeFiles/CMakeTmp'
Makefile:126: recipe for target 'cmTC_7b362/fast' failed
make: *** [cmTC_7b362/fast] Error 2

File /home/kushagra/Desktop/5/CG/Assignments/1/practice/build/CMakeFiles/CMakeTmp/CheckSymbolExists.c:
/* */
#include <pthread.h>

int main(int argc, char** argv)
{
  (void)argv;
#ifndef pthread_create
  return ((int*)(&pthread_create))[argc];
#else
  (void)argc;
  return 0;
#endif
}

Determining if the function pthread_create exists in the pthreads failed with the following output:
Change Dir: /home/kushagra/Desktop/5/CG/Assignments/1/practice/build/CMakeFiles/CMakeTmp

Run Build Command:"/usr/bin/make" "cmTC_ba0e0/fast"
/usr/bin/make -f CMakeFiles/cmTC_ba0e0.dir/build.make CMakeFiles/cmTC_ba0e0.dir/build
make[1]: Entering directory '/home/kushagra/Desktop/5/CG/Assignments/1/practice/build/CMakeFiles/CMakeTmp'
Building C object CMakeFiles/cmTC_ba0e0.dir/CheckFunctionExists.c.o
/usr/bin/cc   -DCHECK_FUNCTION_EXISTS=pthread_create   -o CMakeFiles/cmTC_ba0e0.dir/CheckFunctionExists.c.o   -c /usr/share/cmake-3.8/Modules/CheckFunctionExists.c
Linking C executable cmTC_ba0e0
/usr/bin/cmake -E cmake_link_script CMakeFiles/cmTC_ba0e0.dir/link.txt --verbose=1
/usr/bin/cc  -DCHECK_FUNCTION_EXISTS=pthread_create    -rdynamic CMakeFiles/cmTC_ba0e0.dir/CheckFunctionExists.c.o  -o cmTC_ba0e0 -lpthreads 
/usr/bin/ld: cannot find -lpthreads
collect2: error: ld returned 1 exit status
CMakeFiles/cmTC_ba0e0.dir/build.make:97: recipe for target 'cmTC_ba0e0' failed
make[1]: *** [cmTC_ba0e0] Error 1
make[1]: Leaving directory '/home/kushagra/Desktop/5/CG/Assignments/1/practice/build/CMakeFiles/CMakeTmp'
Makefile:126: recipe for target 'cmTC_ba0e0/fast' failed
make: *** [cmTC_ba0e0/fast] Error 2


