Determining if the pthread_create exist failed with the following output:
Change Dir: /home/kushagra/Desktop/Lab1/build/CMakeFiles/CMakeTmp

Run Build Command:"/usr/bin/make" "cmTC_933b7/fast"
/usr/bin/make -f CMakeFiles/cmTC_933b7.dir/build.make CMakeFiles/cmTC_933b7.dir/build
make[1]: Entering directory '/home/kushagra/Desktop/Lab1/build/CMakeFiles/CMakeTmp'
Building C object CMakeFiles/cmTC_933b7.dir/CheckSymbolExists.c.o
/usr/bin/cc    -o CMakeFiles/cmTC_933b7.dir/CheckSymbolExists.c.o   -c /home/kushagra/Desktop/Lab1/build/CMakeFiles/CMakeTmp/CheckSymbolExists.c
Linking C executable cmTC_933b7
/usr/bin/cmake -E cmake_link_script CMakeFiles/cmTC_933b7.dir/link.txt --verbose=1
/usr/bin/cc      -rdynamic CMakeFiles/cmTC_933b7.dir/CheckSymbolExists.c.o  -o cmTC_933b7 
CMakeFiles/cmTC_933b7.dir/CheckSymbolExists.c.o: In function `main':
CheckSymbolExists.c:(.text+0x16): undefined reference to `pthread_create'
collect2: error: ld returned 1 exit status
CMakeFiles/cmTC_933b7.dir/build.make:97: recipe for target 'cmTC_933b7' failed
make[1]: *** [cmTC_933b7] Error 1
make[1]: Leaving directory '/home/kushagra/Desktop/Lab1/build/CMakeFiles/CMakeTmp'
Makefile:126: recipe for target 'cmTC_933b7/fast' failed
make: *** [cmTC_933b7/fast] Error 2

File /home/kushagra/Desktop/Lab1/build/CMakeFiles/CMakeTmp/CheckSymbolExists.c:
/* */
#include <pthread.h>

int main(int argc, char** argv)
{
  (void)argv;
#ifndef pthread_create
  return ((int*)(&pthread_create))[argc];
#else
  (void)argc;
  return 0;
#endif
}

Determining if the function pthread_create exists in the pthreads failed with the following output:
Change Dir: /home/kushagra/Desktop/Lab1/build/CMakeFiles/CMakeTmp

Run Build Command:"/usr/bin/make" "cmTC_5a700/fast"
/usr/bin/make -f CMakeFiles/cmTC_5a700.dir/build.make CMakeFiles/cmTC_5a700.dir/build
make[1]: Entering directory '/home/kushagra/Desktop/Lab1/build/CMakeFiles/CMakeTmp'
Building C object CMakeFiles/cmTC_5a700.dir/CheckFunctionExists.c.o
/usr/bin/cc   -DCHECK_FUNCTION_EXISTS=pthread_create   -o CMakeFiles/cmTC_5a700.dir/CheckFunctionExists.c.o   -c /usr/share/cmake-3.8/Modules/CheckFunctionExists.c
Linking C executable cmTC_5a700
/usr/bin/cmake -E cmake_link_script CMakeFiles/cmTC_5a700.dir/link.txt --verbose=1
/usr/bin/cc  -DCHECK_FUNCTION_EXISTS=pthread_create    -rdynamic CMakeFiles/cmTC_5a700.dir/CheckFunctionExists.c.o  -o cmTC_5a700 -lpthreads 
/usr/bin/ld: cannot find -lpthreads
collect2: error: ld returned 1 exit status
CMakeFiles/cmTC_5a700.dir/build.make:97: recipe for target 'cmTC_5a700' failed
make[1]: *** [cmTC_5a700] Error 1
make[1]: Leaving directory '/home/kushagra/Desktop/Lab1/build/CMakeFiles/CMakeTmp'
Makefile:126: recipe for target 'cmTC_5a700/fast' failed
make: *** [cmTC_5a700/fast] Error 2


